# JRE version: Java(TM) SE Runtime Environment (8.0_60-b27) (build 1.8.0_60-b27)
# Java VM: Java HotSpot(TM) 64-Bit Server VM (25.60-b23 mixed mode windows-amd64 compressed oops)
Heap:
 PSYoungGen      total 1012224K, used 996748K [0x000000076b500000, 0x00000007b6800000, 0x00000007c0000000)
  eden space 984576K, 100% used [0x000000076b500000,0x00000007a7680000,0x00000007a7680000)
  from space 27648K, 44% used [0x00000007ad000000,0x00000007adbe3300,0x00000007aeb00000)
  to   space 91648K, 99% used [0x00000007a7680000,0x00000007acffb750,0x00000007ad000000)
 ParOldGen       total 361984K, used 214132K [0x00000006c1e00000, 0x00000006d7f80000, 0x000000076b500000)
  object space 361984K, 59% used [0x00000006c1e00000,0x00000006cef23120,0x00000006d7f80000)
 Metaspace       used 7004K, capacity 7242K, committed 7552K, reserved 1056768K
  class space    used 727K, capacity 769K, committed 896K, reserved 1048576K
GC Heap History (10 events):
Event: 0.993 GC heap after
Heap after GC invocations=5 (full 0):
 PSYoungGen      total 272896K, used 10740K [0x000000076b500000, 0x000000078ec00000, 0x00000007c0000000)
  eden space 262144K, 0% used [0x000000076b500000,0x000000076b500000,0x000000077b500000)
  from space 10752K, 99% used [0x000000077b500000,0x000000077bf7d0d0,0x000000077bf80000)
  to   space 28160K, 0% used [0x000000078d080000,0x000000078d080000,0x000000078ec00000)
 ParOldGen       total 175104K, used 19576K [0x00000006c1e00000, 0x00000006cc900000, 0x000000076b500000)
  object space 175104K, 11% used [0x00000006c1e00000,0x00000006c311e350,0x00000006cc900000)
 Metaspace       used 5641K, capacity 6142K, committed 6272K, reserved 1056768K
  class space    used 590K, capacity 599K, committed 640K, reserved 1048576K
}
Event: 1.251 GC heap before
{Heap before GC invocations=6 (full 0):
 PSYoungGen      total 272896K, used 272884K [0x000000076b500000, 0x000000078ec00000, 0x00000007c0000000)
  eden space 262144K, 100% used [0x000000076b500000,0x000000077b500000,0x000000077b500000)
  from space 10752K, 99% used [0x000000077b500000,0x000000077bf7d0d0,0x000000077bf80000)
  to   space 28160K, 0% used [0x000000078d080000,0x000000078d080000,0x000000078ec00000)
 ParOldGen       total 175104K, used 19576K [0x00000006c1e00000, 0x00000006cc900000, 0x000000076b500000)
  object space 175104K, 11% used [0x00000006c1e00000,0x00000006c311e350,0x00000006cc900000)
 Metaspace       used 5641K, capacity 6142K, committed 6272K, reserved 1056768K
  class space    used 590K, capacity 599K, committed 640K, reserved 1048576K
Event: 1.256 GC heap after
Heap after GC invocations=6 (full 0):
 PSYoungGen      total 549376K, used 11537K [0x000000076b500000, 0x000000078e900000, 0x00000007c0000000)
  eden space 524288K, 0% used [0x000000076b500000,0x000000076b500000,0x000000078b500000)
  from space 25088K, 45% used [0x000000078d080000,0x000000078dbc47d8,0x000000078e900000)
  to   space 26624K, 0% used [0x000000078b500000,0x000000078b500000,0x000000078cf00000)
 ParOldGen       total 175104K, used 19576K [0x00000006c1e00000, 0x00000006cc900000, 0x000000076b500000)
  object space 175104K, 11% used [0x00000006c1e00000,0x00000006c311e350,0x00000006cc900000)
 Metaspace       used 5641K, capacity 6142K, committed 6272K, reserved 1056768K
  class space    used 590K, capacity 599K, committed 640K, reserved 1048576K
}
Event: 1.878 GC heap before
{Heap before GC invocations=7 (full 0):
 PSYoungGen      total 549376K, used 535825K [0x000000076b500000, 0x000000078e900000, 0x00000007c0000000)
  eden space 524288K, 100% used [0x000000076b500000,0x000000078b500000,0x000000078b500000)
  from space 25088K, 45% used [0x000000078d080000,0x000000078dbc47d8,0x000000078e900000)
  to   space 26624K, 0% used [0x000000078b500000,0x000000078b500000,0x000000078cf00000)
 ParOldGen       total 175104K, used 19576K [0x00000006c1e00000, 0x00000006cc900000, 0x000000076b500000)
  object space 175104K, 11% used [0x00000006c1e00000,0x00000006c311e350,0x00000006cc900000)
 Metaspace       used 5642K, capacity 6142K, committed 6272K, reserved 1056768K
  class space    used 590K, capacity 599K, committed 640K, reserved 1048576K
Event: 1.883 GC heap after
Heap after GC invocations=7 (full 0):
 PSYoungGen      total 550912K, used 3573K [0x000000076b500000, 0x00000007aeb00000, 0x00000007c0000000)
  eden space 524288K, 0% used [0x000000076b500000,0x000000076b500000,0x000000078b500000)
  from space 26624K, 13% used [0x000000078b500000,0x000000078b87d7a0,0x000000078cf00000)
  to   space 27648K, 0% used [0x00000007ad000000,0x00000007ad000000,0x00000007aeb00000)
 ParOldGen       total 175104K, used 29093K [0x00000006c1e00000, 0x00000006cc900000, 0x000000076b500000)
  object space 175104K, 16% used [0x00000006c1e00000,0x00000006c3a69688,0x00000006cc900000)
 Metaspace       used 5642K, capacity 6142K, committed 6272K, reserved 1056768K
  class space    used 590K, capacity 599K, committed 640K, reserved 1048576K
}
Event: 2.293 GC heap before
{Heap before GC invocations=8 (full 0):
 PSYoungGen      total 550912K, used 527861K [0x000000076b500000, 0x00000007aeb00000, 0x00000007c0000000)
  eden space 524288K, 100% used [0x000000076b500000,0x000000078b500000,0x000000078b500000)
  from space 26624K, 13% used [0x000000078b500000,0x000000078b87d7a0,0x000000078cf00000)
  to   space 27648K, 0% used [0x00000007ad000000,0x00000007ad000000,0x00000007aeb00000)
 ParOldGen       total 175104K, used 29093K [0x00000006c1e00000, 0x00000006cc900000, 0x000000076b500000)
  object space 175104K, 16% used [0x00000006c1e00000,0x00000006c3a69688,0x00000006cc900000)
 Metaspace       used 5676K, capacity 6174K, committed 6272K, reserved 1056768K
  class space    used 593K, capacity 631K, committed 640K, reserved 1048576K
Event: 2.334 GC heap after
Heap after GC invocations=8 (full 0):
 PSYoungGen      total 1012224K, used 27636K [0x000000076b500000, 0x00000007b6800000, 0x00000007c0000000)
  eden space 984576K, 0% used [0x000000076b500000,0x000000076b500000,0x00000007a7680000)
  from space 27648K, 99% used [0x00000007ad000000,0x00000007aeafd130,0x00000007aeb00000)
  to   space 91648K, 0% used [0x00000007a7680000,0x00000007a7680000,0x00000007ad000000)
 ParOldGen       total 175104K, used 164572K [0x00000006c1e00000, 0x00000006cc900000, 0x000000076b500000)
  object space 175104K, 93% used [0x00000006c1e00000,0x00000006cbeb7058,0x00000006cc900000)
 Metaspace       used 5676K, capacity 6174K, committed 6272K, reserved 1056768K
  class space    used 593K, capacity 631K, committed 640K, reserved 1048576K
}
Event: 2.334 GC heap before
{Heap before GC invocations=9 (full 1):
 PSYoungGen      total 1012224K, used 27636K [0x000000076b500000, 0x00000007b6800000, 0x00000007c0000000)
  eden space 984576K, 0% used [0x000000076b500000,0x000000076b500000,0x00000007a7680000)
  from space 27648K, 99% used [0x00000007ad000000,0x00000007aeafd130,0x00000007aeb00000)
  to   space 91648K, 0% used [0x00000007a7680000,0x00000007a7680000,0x00000007ad000000)
 ParOldGen       total 175104K, used 164572K [0x00000006c1e00000, 0x00000006cc900000, 0x000000076b500000)
  object space 175104K, 93% used [0x00000006c1e00000,0x00000006cbeb7058,0x00000006cc900000)
 Metaspace       used 5676K, capacity 6174K, committed 6272K, reserved 1056768K
  class space    used 593K, capacity 631K, committed 640K, reserved 1048576K
Event: 2.578 GC heap after
Heap after GC invocations=9 (full 1):
 PSYoungGen      total 1012224K, used 12172K [0x000000076b500000, 0x00000007b6800000, 0x00000007c0000000)
  eden space 984576K, 0% used [0x000000076b500000,0x000000076b500000,0x00000007a7680000)
  from space 27648K, 44% used [0x00000007ad000000,0x00000007adbe3300,0x00000007aeb00000)
  to   space 91648K, 0% used [0x00000007a7680000,0x00000007a7680000,0x00000007ad000000)
 ParOldGen       total 361984K, used 174964K [0x00000006c1e00000, 0x00000006d7f80000, 0x000000076b500000)
  object space 361984K, 48% used [0x00000006c1e00000,0x00000006cc8dd350,0x00000006d7f80000)
 Metaspace       used 5676K, capacity 6174K, committed 6272K, reserved 1056768K
  class space    used 593K, capacity 631K, committed 640K, reserved 1048576K
}
Event: 9.551 GC heap before
{Heap before GC invocations=10 (full 1):
 PSYoungGen      total 1012224K, used 996748K [0x000000076b500000, 0x00000007b6800000, 0x00000007c0000000)
  eden space 984576K, 100% used [0x000000076b500000,0x00000007a7680000,0x00000007a7680000)
  from space 27648K, 44% used [0x00000007ad000000,0x00000007adbe3300,0x00000007aeb00000)
  to   space 91648K, 0% used [0x00000007a7680000,0x00000007a7680000,0x00000007ad000000)
 ParOldGen       total 361984K, used 174964K [0x00000006c1e00000, 0x00000006d7f80000, 0x000000076b500000)
  object space 361984K, 48% used [0x00000006c1e00000,0x00000006cc8dd350,0x00000006d7f80000)
 Metaspace       used 7004K, capacity 7242K, committed 7552K, reserved 1056768K
  class space    used 727K, capacity 769K, committed 896K, reserved 1048576K

