# JRE version: Java(TM) SE Runtime Environment (8.0_60-b27) (build 1.8.0_60-b27)
# Java VM: Java HotSpot(TM) 64-Bit Server VM (25.60-b23 mixed mode windows-amd64 compressed oops)
Heap:
 PSYoungGen      total 908800K, used 462848K [0x000000076b500000, 0x00000007bf000000, 0x00000007c0000000)
  eden space 462848K, 100% used [0x000000076b500000,0x0000000787900000,0x0000000787900000)
  from space 445952K, 0% used [0x00000007a3c80000,0x00000007a3c80000,0x00000007bf000000)
  to   space 454144K, 0% used [0x0000000787900000,0x0000000787900000,0x00000007a3480000)
 ParOldGen       total 2776064K, used 2687142K [0x00000006c1e00000, 0x000000076b500000, 0x000000076b500000)
  object space 2776064K, 96% used [0x00000006c1e00000,0x0000000765e29ae8,0x000000076b500000)
 Metaspace       used 10303K, capacity 10642K, committed 10880K, reserved 1058816K
  class space    used 1064K, capacity 1137K, committed 1152K, reserved 1048576K
GC Heap History (10 events):
Event: 23.377 GC heap after
Heap after GC invocations=18 (full 4):
 PSYoungGen      total 925184K, used 244832K [0x000000076b500000, 0x00000007c0000000, 0x00000007c0000000)
  eden space 462848K, 0% used [0x000000076b500000,0x000000076b500000,0x0000000787900000)
  from space 462336K, 52% used [0x00000007a3c80000,0x00000007b2b98010,0x00000007c0000000)
  to   space 462336K, 0% used [0x0000000787900000,0x0000000787900000,0x00000007a3c80000)
 ParOldGen       total 2230784K, used 2036830K [0x00000006c1e00000, 0x000000074a080000, 0x000000076b500000)
  object space 2230784K, 91% used [0x00000006c1e00000,0x000000073e3178b8,0x000000074a080000)
 Metaspace       used 7114K, capacity 7338K, committed 7552K, reserved 1056768K
  class space    used 739K, capacity 801K, committed 896K, reserved 1048576K
}
Event: 23.377 GC heap before
{Heap before GC invocations=19 (full 5):
 PSYoungGen      total 925184K, used 244832K [0x000000076b500000, 0x00000007c0000000, 0x00000007c0000000)
  eden space 462848K, 0% used [0x000000076b500000,0x000000076b500000,0x0000000787900000)
  from space 462336K, 52% used [0x00000007a3c80000,0x00000007b2b98010,0x00000007c0000000)
  to   space 462336K, 0% used [0x0000000787900000,0x0000000787900000,0x00000007a3c80000)
 ParOldGen       total 2230784K, used 2036830K [0x00000006c1e00000, 0x000000074a080000, 0x000000076b500000)
  object space 2230784K, 91% used [0x00000006c1e00000,0x000000073e3178b8,0x000000074a080000)
 Metaspace       used 7114K, capacity 7338K, committed 7552K, reserved 1056768K
  class space    used 739K, capacity 801K, committed 896K, reserved 1048576K
Event: 27.793 GC heap after
Heap after GC invocations=19 (full 5):
 PSYoungGen      total 925184K, used 44483K [0x000000076b500000, 0x00000007c0000000, 0x00000007c0000000)
  eden space 462848K, 0% used [0x000000076b500000,0x000000076b500000,0x0000000787900000)
  from space 462336K, 9% used [0x00000007a3c80000,0x00000007a67f0c98,0x00000007c0000000)
  to   space 462336K, 0% used [0x0000000787900000,0x0000000787900000,0x00000007a3c80000)
 ParOldGen       total 2776064K, used 2230435K [0x00000006c1e00000, 0x000000076b500000, 0x000000076b500000)
  object space 2776064K, 80% used [0x00000006c1e00000,0x000000074a028d28,0x000000076b500000)
 Metaspace       used 7114K, capacity 7338K, committed 7552K, reserved 1056768K
  class space    used 739K, capacity 801K, committed 896K, reserved 1048576K
}
Event: 28.728 GC heap before
{Heap before GC invocations=20 (full 5):
 PSYoungGen      total 925184K, used 507331K [0x000000076b500000, 0x00000007c0000000, 0x00000007c0000000)
  eden space 462848K, 100% used [0x000000076b500000,0x0000000787900000,0x0000000787900000)
  from space 462336K, 9% used [0x00000007a3c80000,0x00000007a67f0c98,0x00000007c0000000)
  to   space 462336K, 0% used [0x0000000787900000,0x0000000787900000,0x00000007a3c80000)
 ParOldGen       total 2776064K, used 2230435K [0x00000006c1e00000, 0x000000076b500000, 0x000000076b500000)
  object space 2776064K, 80% used [0x00000006c1e00000,0x000000074a028d28,0x000000076b500000)
 Metaspace       used 7114K, capacity 7338K, committed 7552K, reserved 1056768K
  class space    used 739K, capacity 801K, committed 896K, reserved 1048576K
Event: 29.079 GC heap after
Heap after GC invocations=20 (full 5):
 PSYoungGen      total 925184K, used 229440K [0x000000076b500000, 0x00000007c0000000, 0x00000007c0000000)
  eden space 462848K, 0% used [0x000000076b500000,0x000000076b500000,0x0000000787900000)
  from space 462336K, 49% used [0x0000000787900000,0x0000000795910020,0x00000007a3c80000)
  to   space 462336K, 0% used [0x00000007a3c80000,0x00000007a3c80000,0x00000007c0000000)
 ParOldGen       total 2776064K, used 2274971K [0x00000006c1e00000, 0x000000076b500000, 0x000000076b500000)
  object space 2776064K, 81% used [0x00000006c1e00000,0x000000074cba6d28,0x000000076b500000)
 Metaspace       used 7114K, capacity 7338K, committed 7552K, reserved 1056768K
  class space    used 739K, capacity 801K, committed 896K, reserved 1048576K
}
Event: 31.964 GC heap before
{Heap before GC invocations=21 (full 5):
 PSYoungGen      total 925184K, used 692288K [0x000000076b500000, 0x00000007c0000000, 0x00000007c0000000)
  eden space 462848K, 100% used [0x000000076b500000,0x0000000787900000,0x0000000787900000)
  from space 462336K, 49% used [0x0000000787900000,0x0000000795910020,0x00000007a3c80000)
  to   space 462336K, 0% used [0x00000007a3c80000,0x00000007a3c80000,0x00000007c0000000)
 ParOldGen       total 2776064K, used 2274971K [0x00000006c1e00000, 0x000000076b500000, 0x000000076b500000)
  object space 2776064K, 81% used [0x00000006c1e00000,0x000000074cba6d28,0x000000076b500000)
 Metaspace       used 7117K, capacity 7338K, committed 7552K, reserved 1056768K
  class space    used 739K, capacity 801K, committed 896K, reserved 1048576K
Event: 32.400 GC heap after
Heap after GC invocations=21 (full 5):
 PSYoungGen      total 908800K, used 189792K [0x000000076b500000, 0x00000007bf000000, 0x00000007c0000000)
  eden space 462848K, 0% used [0x000000076b500000,0x000000076b500000,0x0000000787900000)
  from space 445952K, 42% used [0x00000007a3c80000,0x00000007af5d8000,0x00000007bf000000)
  to   space 454144K, 0% used [0x0000000787900000,0x0000000787900000,0x00000007a3480000)
 ParOldGen       total 2776064K, used 2504551K [0x00000006c1e00000, 0x000000076b500000, 0x000000076b500000)
  object space 2776064K, 90% used [0x00000006c1e00000,0x000000075abd9e18,0x000000076b500000)
 Metaspace       used 7117K, capacity 7338K, committed 7552K, reserved 1056768K
  class space    used 739K, capacity 801K, committed 896K, reserved 1048576K
}
Event: 32.400 GC heap before
{Heap before GC invocations=22 (full 6):
 PSYoungGen      total 908800K, used 189792K [0x000000076b500000, 0x00000007bf000000, 0x00000007c0000000)
  eden space 462848K, 0% used [0x000000076b500000,0x000000076b500000,0x0000000787900000)
  from space 445952K, 42% used [0x00000007a3c80000,0x00000007af5d8000,0x00000007bf000000)
  to   space 454144K, 0% used [0x0000000787900000,0x0000000787900000,0x00000007a3480000)
 ParOldGen       total 2776064K, used 2504551K [0x00000006c1e00000, 0x000000076b500000, 0x000000076b500000)
  object space 2776064K, 90% used [0x00000006c1e00000,0x000000075abd9e18,0x000000076b500000)
 Metaspace       used 7117K, capacity 7338K, committed 7552K, reserved 1056768K
  class space    used 739K, capacity 801K, committed 896K, reserved 1048576K
Event: 39.681 GC heap after
Heap after GC invocations=22 (full 6):
 PSYoungGen      total 908800K, used 0K [0x000000076b500000, 0x00000007bf000000, 0x00000007c0000000)
  eden space 462848K, 0% used [0x000000076b500000,0x000000076b500000,0x0000000787900000)
  from space 445952K, 0% used [0x00000007a3c80000,0x00000007a3c80000,0x00000007bf000000)
  to   space 454144K, 0% used [0x0000000787900000,0x0000000787900000,0x00000007a3480000)
 ParOldGen       total 2776064K, used 2687142K [0x00000006c1e00000, 0x000000076b500000, 0x000000076b500000)
  object space 2776064K, 96% used [0x00000006c1e00000,0x0000000765e29ae8,0x000000076b500000)
 Metaspace       used 7117K, capacity 7338K, committed 7552K, reserved 1056768K
  class space    used 739K, capacity 801K, committed 896K, reserved 1048576K
}
Event: 50.211 GC heap before
{Heap before GC invocations=23 (full 7):
 PSYoungGen      total 908800K, used 462848K [0x000000076b500000, 0x00000007bf000000, 0x00000007c0000000)
  eden space 462848K, 100% used [0x000000076b500000,0x0000000787900000,0x0000000787900000)
  from space 445952K, 0% used [0x00000007a3c80000,0x00000007a3c80000,0x00000007bf000000)
  to   space 454144K, 0% used [0x0000000787900000,0x0000000787900000,0x00000007a3480000)
 ParOldGen       total 2776064K, used 2687142K [0x00000006c1e00000, 0x000000076b500000, 0x000000076b500000)
  object space 2776064K, 96% used [0x00000006c1e00000,0x0000000765e29ae8,0x000000076b500000)
 Metaspace       used 10303K, capacity 10642K, committed 10880K, reserved 1058816K
  class space    used 1064K, capacity 1137K, committed 1152K, reserved 1048576K

