# JRE version: Java(TM) SE Runtime Environment (8.0_60-b27) (build 1.8.0_60-b27)
# Java VM: Java HotSpot(TM) 64-Bit Server VM (25.60-b23 mixed mode windows-amd64 compressed oops)
Heap:
 PSYoungGen      total 795648K, used 275425K [0x000000076b500000, 0x00000007c0000000, 0x00000007c0000000)
  eden space 520192K, 0% used [0x000000076b500000,0x000000076b500000,0x000000078b100000)
  from space 275456K, 99% used [0x00000007af300000,0x00000007bfff8640,0x00000007c0000000)
  to   space 433664K, 0% used [0x000000078b100000,0x000000078b100000,0x00000007a5880000)
 ParOldGen       total 1006080K, used 872378K [0x00000006c1e00000, 0x00000006ff480000, 0x000000076b500000)
  object space 1006080K, 86% used [0x00000006c1e00000,0x00000006f71eeae8,0x00000006ff480000)
 Metaspace       used 7012K, capacity 7242K, committed 7552K, reserved 1056768K
  class space    used 728K, capacity 769K, committed 896K, reserved 1048576K
GC Heap History (10 events):
Event: 2.274 GC heap after
Heap after GC invocations=8 (full 0):
 PSYoungGen      total 1012736K, used 27630K [0x000000076b500000, 0x00000007b6700000, 0x00000007c0000000)
  eden space 985088K, 0% used [0x000000076b500000,0x000000076b500000,0x00000007a7700000)
  from space 27648K, 99% used [0x00000007ad000000,0x00000007aeafb970,0x00000007aeb00000)
  to   space 91136K, 0% used [0x00000007a7700000,0x00000007a7700000,0x00000007ad000000)
 ParOldGen       total 175104K, used 164343K [0x00000006c1e00000, 0x00000006cc900000, 0x000000076b500000)
  object space 175104K, 93% used [0x00000006c1e00000,0x00000006cbe7dcd0,0x00000006cc900000)
 Metaspace       used 5690K, capacity 6174K, committed 6272K, reserved 1056768K
  class space    used 593K, capacity 631K, committed 640K, reserved 1048576K
}
Event: 2.274 GC heap before
{Heap before GC invocations=9 (full 1):
 PSYoungGen      total 1012736K, used 27630K [0x000000076b500000, 0x00000007b6700000, 0x00000007c0000000)
  eden space 985088K, 0% used [0x000000076b500000,0x000000076b500000,0x00000007a7700000)
  from space 27648K, 99% used [0x00000007ad000000,0x00000007aeafb970,0x00000007aeb00000)
  to   space 91136K, 0% used [0x00000007a7700000,0x00000007a7700000,0x00000007ad000000)
 ParOldGen       total 175104K, used 164343K [0x00000006c1e00000, 0x00000006cc900000, 0x000000076b500000)
  object space 175104K, 93% used [0x00000006c1e00000,0x00000006cbe7dcd0,0x00000006cc900000)
 Metaspace       used 5690K, capacity 6174K, committed 6272K, reserved 1056768K
  class space    used 593K, capacity 631K, committed 640K, reserved 1048576K
Event: 2.485 GC heap after
Heap after GC invocations=9 (full 1):
 PSYoungGen      total 1012736K, used 12183K [0x000000076b500000, 0x00000007b6700000, 0x00000007c0000000)
  eden space 985088K, 0% used [0x000000076b500000,0x000000076b500000,0x00000007a7700000)
  from space 27648K, 44% used [0x00000007ad000000,0x00000007adbe5fa8,0x00000007aeb00000)
  to   space 91136K, 0% used [0x00000007a7700000,0x00000007a7700000,0x00000007ad000000)
 ParOldGen       total 357888K, used 174946K [0x00000006c1e00000, 0x00000006d7b80000, 0x000000076b500000)
  object space 357888K, 48% used [0x00000006c1e00000,0x00000006cc8d89a8,0x00000006d7b80000)
 Metaspace       used 5690K, capacity 6174K, committed 6272K, reserved 1056768K
  class space    used 593K, capacity 631K, committed 640K, reserved 1048576K
}
Event: 9.578 GC heap before
{Heap before GC invocations=10 (full 1):
 PSYoungGen      total 1012736K, used 997271K [0x000000076b500000, 0x00000007b6700000, 0x00000007c0000000)
  eden space 985088K, 100% used [0x000000076b500000,0x00000007a7700000,0x00000007a7700000)
  from space 27648K, 44% used [0x00000007ad000000,0x00000007adbe5fa8,0x00000007aeb00000)
  to   space 91136K, 0% used [0x00000007a7700000,0x00000007a7700000,0x00000007ad000000)
 ParOldGen       total 357888K, used 174946K [0x00000006c1e00000, 0x00000006d7b80000, 0x000000076b500000)
  object space 357888K, 48% used [0x00000006c1e00000,0x00000006cc8d89a8,0x00000006d7b80000)
 Metaspace       used 7009K, capacity 7242K, committed 7552K, reserved 1056768K
  class space    used 728K, capacity 769K, committed 896K, reserved 1048576K
Event: 9.800 GC heap after
Heap after GC invocations=10 (full 1):
 PSYoungGen      total 1076224K, used 91113K [0x000000076b500000, 0x00000007c0000000, 0x00000007c0000000)
  eden space 985088K, 0% used [0x000000076b500000,0x000000076b500000,0x00000007a7700000)
  from space 91136K, 99% used [0x00000007a7700000,0x00000007acffa5e0,0x00000007ad000000)
  to   space 275456K, 0% used [0x00000007af300000,0x00000007af300000,0x00000007c0000000)
 ParOldGen       total 587776K, used 587623K [0x00000006c1e00000, 0x00000006e5c00000, 0x000000076b500000)
  object space 587776K, 99% used [0x00000006c1e00000,0x00000006e5bd9f70,0x00000006e5c00000)
 Metaspace       used 7009K, capacity 7242K, committed 7552K, reserved 1056768K
  class space    used 728K, capacity 769K, committed 896K, reserved 1048576K
}
Event: 9.800 GC heap before
{Heap before GC invocations=11 (full 2):
 PSYoungGen      total 1076224K, used 91113K [0x000000076b500000, 0x00000007c0000000, 0x00000007c0000000)
  eden space 985088K, 0% used [0x000000076b500000,0x000000076b500000,0x00000007a7700000)
  from space 91136K, 99% used [0x00000007a7700000,0x00000007acffa5e0,0x00000007ad000000)
  to   space 275456K, 0% used [0x00000007af300000,0x00000007af300000,0x00000007c0000000)
 ParOldGen       total 587776K, used 587623K [0x00000006c1e00000, 0x00000006e5c00000, 0x000000076b500000)
  object space 587776K, 99% used [0x00000006c1e00000,0x00000006e5bd9f70,0x00000006e5c00000)
 Metaspace       used 7009K, capacity 7242K, committed 7552K, reserved 1056768K
  class space    used 728K, capacity 769K, committed 896K, reserved 1048576K
Event: 11.586 GC heap after
Heap after GC invocations=11 (full 2):
 PSYoungGen      total 1076224K, used 89637K [0x000000076b500000, 0x00000007c0000000, 0x00000007c0000000)
  eden space 985088K, 0% used [0x000000076b500000,0x000000076b500000,0x00000007a7700000)
  from space 91136K, 98% used [0x00000007a7700000,0x00000007ace896d0,0x00000007ad000000)
  to   space 275456K, 0% used [0x00000007af300000,0x00000007af300000,0x00000007c0000000)
 ParOldGen       total 1006080K, used 585435K [0x00000006c1e00000, 0x00000006ff480000, 0x000000076b500000)
  object space 1006080K, 58% used [0x00000006c1e00000,0x00000006e59b6da8,0x00000006ff480000)
 Metaspace       used 7009K, capacity 7242K, committed 7552K, reserved 1056768K
  class space    used 728K, capacity 769K, committed 896K, reserved 1048576K
}
Event: 12.294 GC heap before
{Heap before GC invocations=12 (full 2):
 PSYoungGen      total 1076224K, used 1074725K [0x000000076b500000, 0x00000007c0000000, 0x00000007c0000000)
  eden space 985088K, 100% used [0x000000076b500000,0x00000007a7700000,0x00000007a7700000)
  from space 91136K, 98% used [0x00000007a7700000,0x00000007ace896d0,0x00000007ad000000)
  to   space 275456K, 0% used [0x00000007af300000,0x00000007af300000,0x00000007c0000000)
 ParOldGen       total 1006080K, used 585435K [0x00000006c1e00000, 0x00000006ff480000, 0x000000076b500000)
  object space 1006080K, 58% used [0x00000006c1e00000,0x00000006e59b6da8,0x00000006ff480000)
 Metaspace       used 7012K, capacity 7242K, committed 7552K, reserved 1056768K
  class space    used 728K, capacity 769K, committed 896K, reserved 1048576K
Event: 12.596 GC heap after
Heap after GC invocations=12 (full 2):
 PSYoungGen      total 795648K, used 275425K [0x000000076b500000, 0x00000007c0000000, 0x00000007c0000000)
  eden space 520192K, 0% used [0x000000076b500000,0x000000076b500000,0x000000078b100000)
  from space 275456K, 99% used [0x00000007af300000,0x00000007bfff8640,0x00000007c0000000)
  to   space 433664K, 0% used [0x000000078b100000,0x000000078b100000,0x00000007a5880000)
 ParOldGen       total 1006080K, used 872378K [0x00000006c1e00000, 0x00000006ff480000, 0x000000076b500000)
  object space 1006080K, 86% used [0x00000006c1e00000,0x00000006f71eeae8,0x00000006ff480000)
 Metaspace       used 7012K, capacity 7242K, committed 7552K, reserved 1056768K
  class space    used 728K, capacity 769K, committed 896K, reserved 1048576K
}
Event: 12.596 GC heap before
{Heap before GC invocations=13 (full 3):
 PSYoungGen      total 795648K, used 275425K [0x000000076b500000, 0x00000007c0000000, 0x00000007c0000000)
  eden space 520192K, 0% used [0x000000076b500000,0x000000076b500000,0x000000078b100000)
  from space 275456K, 99% used [0x00000007af300000,0x00000007bfff8640,0x00000007c0000000)
  to   space 433664K, 0% used [0x000000078b100000,0x000000078b100000,0x00000007a5880000)
 ParOldGen       total 1006080K, used 872378K [0x00000006c1e00000, 0x00000006ff480000, 0x000000076b500000)
  object space 1006080K, 86% used [0x00000006c1e00000,0x00000006f71eeae8,0x00000006ff480000)
 Metaspace       used 7012K, capacity 7242K, committed 7552K, reserved 1056768K
  class space    used 728K, capacity 769K, committed 896K, reserved 1048576K

